[2016.03.01-09.41.18:400][  0]Log file open, 03/01/16 11:41:18
[2016.03.01-09.41.18:400][  0]LogInit:Display: Running engine for game: Inssiders
[2016.03.01-09.41.18:400][  0]LogPlatformFile: Not using cached read wrapper
[2016.03.01-09.41.18:400][  0]LogInit:Display: RandInit(83038345) SRandInit(83038347).
[2016.03.01-09.41.18:400][  0]LogTaskGraph: Started task graph with 4 named threads and 6 total threads.
[2016.03.01-09.41.18:400][  0]LogStats: Stats thread started at 0.136815
[2016.03.01-09.41.18:400][  0]LogInit: Version: 4.10.4-2872498+++depot+UE4-Releases+4.10
[2016.03.01-09.41.18:400][  0]LogInit: API Version: 2758231
[2016.03.01-09.41.18:400][  0]LogInit: Compiled (64-bit): Feb 18 2016 15:47:04
[2016.03.01-09.41.18:400][  0]LogInit: Compiled with Visual C++: 19.00.23026.00
[2016.03.01-09.41.18:400][  0]LogInit: Build Configuration: Development
[2016.03.01-09.41.18:400][  0]LogInit: Branch Name: ++depot+UE4-Releases+4.10
[2016.03.01-09.41.18:400][  0]LogInit: Command line:  
[2016.03.01-09.41.18:400][  0]LogInit: Base directory: C:/Program Files (x86)/Epic Games/4.10/Engine/Binaries/Win64/
[2016.03.01-09.41.18:400][  0]LogInit: Rocket: 1
[2016.03.01-09.41.18:411][  0]LogInit: Using libcurl 7.41.0
[2016.03.01-09.41.18:411][  0]LogInit:  - built for x86_64-pc-win32
[2016.03.01-09.41.18:411][  0]LogInit:  - supports SSL with WinSSL
[2016.03.01-09.41.18:411][  0]LogInit:  - other features:
[2016.03.01-09.41.18:411][  0]LogInit:      CURL_VERSION_SSL
[2016.03.01-09.41.18:411][  0]LogInit:      CURL_VERSION_IPV6
[2016.03.01-09.41.18:411][  0]LogInit:      CURL_VERSION_ASYNCHDNS
[2016.03.01-09.41.18:411][  0]LogInit:      CURL_VERSION_LARGEFILE
[2016.03.01-09.41.18:411][  0]LogInit:      CURL_VERSION_IDN
[2016.03.01-09.41.18:411][  0]LogInit:  CurlRequestOptions (configurable via config and command line):
[2016.03.01-09.41.18:411][  0]LogInit:  - bVerifyPeer = true  - Libcurl will verify peer certificate
[2016.03.01-09.41.18:411][  0]LogInit:  - bUseHttpProxy = false  - Libcurl will NOT use HTTP proxy
[2016.03.01-09.41.18:411][  0]LogInit:  - bDontReuseConnections = false  - Libcurl will reuse connections
[2016.03.01-09.41.18:411][  0]LogInit:  - CertBundlePath = nullptr  - Libcurl will use whatever was configured at build time.
[2016.03.01-09.41.18:435][  0]LogInit: Presizing for 0 objects not considered by GC, pre-allocating 0 bytes.
[2016.03.01-09.41.18:446][  0]LogInit: Object subsystem initialized
[2016.03.01-09.41.18:447][  0]LogInit: Selected Device Profile: [Windows]
[2016.03.01-09.41.18:447][  0]LogInit: Applying CVar settings loaded from the selected device profile: [Windows]
[2016.03.01-09.41.18:498][  0]LogInit: Computer: DESKTOP-KG0OGIL
[2016.03.01-09.41.18:498][  0]LogInit: User: Игорь
[2016.03.01-09.41.18:498][  0]LogInit: CPU Page size=4096, Cores=3
[2016.03.01-09.41.18:498][  0]LogInit: High frequency timer resolution =3.228956 MHz
[2016.03.01-09.41.18:498][  0]LogMemory: Memory total: Physical=8.0GB (8GB approx)
[2016.03.01-09.41.18:498][  0]LogMemory: Platform Memory Stats for Windows
[2016.03.01-09.41.18:498][  0]LogMemory: Process Physical Memory: 55.93 MB used, 55.93 MB peak
[2016.03.01-09.41.18:498][  0]LogMemory: Process Virtual Memory: 57.93 MB used, 57.93 MB peak
[2016.03.01-09.41.18:498][  0]LogMemory: Physical Memory: 3310.72 MB used, 8175.23 MB total
[2016.03.01-09.41.18:498][  0]LogMemory: Virtual Memory: 369.26 MB used, 134217728.00 MB total
[2016.03.01-09.41.18:816][  0]LogTextLocalizationManager: No translations for ('ru-RU') exist, falling back to 'en' for localization and internationalization data.
[2016.03.01-09.41.19:497][  0]LogD3D11RHI: Found D3D11 adapter 0: NVIDIA GeForce GT 730 (Feature Level 11_0)
[2016.03.01-09.41.19:497][  0]LogD3D11RHI: Adapter has 1996MB of dedicated video memory, 0MB of dedicated system memory, and 2047MB of shared system memory, 2 output[s]
[2016.03.01-09.41.19:500][  0]LogD3D11RHI: Found D3D11 adapter 1: Microsoft Basic Render Driver (Feature Level 11_0)
[2016.03.01-09.41.19:500][  0]LogD3D11RHI: Adapter has 0MB of dedicated video memory, 0MB of dedicated system memory, and 4087MB of shared system memory, 0 output[s]
[2016.03.01-09.41.19:500][  0]LogD3D11RHI: Chosen D3D11 Adapter Id = 0
[2016.03.01-09.41.19:511][  0]LogD3D11RHI: !Direct3DDevice
[2016.03.01-09.41.19:511][  0]LogRHI: Texture pool is 1361 MB (70% of 1945 MB)
[2016.03.01-09.41.19:527][  0]LogD3D11RHI: Async texture creation enabled
[2016.03.01-09.41.19:545][  0]LogShaderCompilers: Guid format shader working directory is 15 characters bigger than the processId version (D:/Inssiders/inssiders/Inssiders/Intermediate/Shaders/WorkingDirectory/4124/).
[2016.03.01-09.41.19:546][  0]LogShaderCompilers: Cleaned the shader compiler working directory 'C:/Users/D395~1/AppData/Local/Temp/UnrealShaderWorkingDir/6C30B05546CAFFF385FFC8815F1CD8EB/'.
[2016.03.01-09.41.19:546][  0]LogShaderCompilers:Display: Using Local Shader Compiler.
[2016.03.01-09.41.24:379][  0]LogTemp:Display: Loaded TP AllDesktopTargetPlatform
[2016.03.01-09.41.24:387][  0]LogTemp:Display: Loaded TP WindowsClientTargetPlatform
[2016.03.01-09.41.24:394][  0]LogTemp:Display: Loaded TP WindowsNoEditorTargetPlatform
[2016.03.01-09.41.24:402][  0]LogTemp:Display: Loaded TP WindowsServerTargetPlatform
[2016.03.01-09.41.24:410][  0]LogTemp:Display: Loaded TP WindowsTargetPlatform
[2016.03.01-09.41.24:416][  0]LogTemp:Display: Loaded TP AndroidTargetPlatform
[2016.03.01-09.41.24:421][  0]LogTemp:Display: Loaded TP Android_ASTCTargetPlatform
[2016.03.01-09.41.24:425][  0]LogTemp:Display: Loaded TP Android_ATCTargetPlatform
[2016.03.01-09.41.24:430][  0]LogTemp:Display: Loaded TP Android_DXTTargetPlatform
[2016.03.01-09.41.24:435][  0]LogTemp:Display: Loaded TP Android_ETC1TargetPlatform
[2016.03.01-09.41.24:440][  0]LogTemp:Display: Loaded TP Android_ETC2TargetPlatform
[2016.03.01-09.41.24:450][  0]LogTemp:Display: Loaded TP Android_MultiTargetPlatform
[2016.03.01-09.41.24:450][  0]LogTemp:Display: Loaded TP Android_PVRTCTargetPlatform
[2016.03.01-09.41.24:451][  0]LogTemp:Display: Loaded TP HTML5TargetPlatform
[2016.03.01-09.41.24:481][  0]LogTemp:Display: Loaded TP IOSTargetPlatform
[2016.03.01-09.41.24:485][  0]LogTemp:Display: Loaded TP LinuxNoEditorTargetPlatform
[2016.03.01-09.41.24:490][  0]LogTemp:Display: Loaded TP LinuxServerTargetPlatform
[2016.03.01-09.41.24:497][  0]LogTemp:Display: Loaded TP LinuxTargetPlatform
[2016.03.01-09.41.24:497][  0]LogTargetPlatformManager:Display: Building Assets For Windows
[2016.03.01-09.41.24:735][  0]LogDerivedDataCache:Display: Max Cache Size: 512 MB
[2016.03.01-09.41.25:041][  0]LogDerivedDataCache: Loaded boot cache 0.29s 41MB C:/Users/Игорь/AppData/Local/UnrealEngine/4.10/DerivedDataCache/Boot.ddc.
[2016.03.01-09.41.25:041][  0]LogDerivedDataCache:Display: Loaded Boot cache: C:/Users/Игорь/AppData/Local/UnrealEngine/4.10/DerivedDataCache/Boot.ddc
[2016.03.01-09.41.25:042][  0]LogDerivedDataCache: FDerivedDataBackendGraph:  Pak pak cache file D:/Inssiders/inssiders/Inssiders/DerivedDataCache/DDC.ddp not found, will not use a pak cache.
[2016.03.01-09.41.25:042][  0]LogDerivedDataCache: Unable to find inner node Pak for hierarchical cache Hierarchy.
[2016.03.01-09.41.25:042][  0]LogDerivedDataCache: FDerivedDataBackendGraph:  CompressedPak pak cache file D:/Inssiders/inssiders/Inssiders/DerivedDataCache/Compressed.ddp not found, will not use a pak cache.
[2016.03.01-09.41.25:042][  0]LogDerivedDataCache: Unable to find inner node CompressedPak for hierarchical cache Hierarchy.
[2016.03.01-09.41.25:175][  0]LogDerivedDataCache:Display: Pak cache opened for reading ../../../Engine/DerivedDataCache/Compressed.ddp.
[2016.03.01-09.41.25:203][  0]LogDerivedDataCache: Using Local data cache path C:/Users/Игорь/AppData/Local/UnrealEngine/Common/DerivedDataCache: Writable
[2016.03.01-09.41.33:817][  0]LogInit: Selected Device Profile: [Windows]
[2016.03.01-09.41.33:953][  0]LogContentStreaming: Texture pool size is 0.000000MB
[2016.03.01-09.41.35:736][  0]LogMeshUtilities: No automatic mesh reduction module available
[2016.03.01-09.41.35:736][  0]LogMeshUtilities: No automatic mesh merging module available
[2016.03.01-09.41.40:105][  0]LogInit: WinSock: version 1.1 (2.2), MaxSocks=32767, MaxUdp=65467
[2016.03.01-09.42.05:280][  0]UdpMessaging: Initializing bridge on interface 0.0.0.0:0 to multicast group 230.0.0.1:6666.
[2016.03.01-09.42.06:183][  0]LogAssetRegistry: FAssetRegistry took 0.0125 seconds to start up
[2016.03.01-09.42.09:298][  0]SourceControl: Info Source control is disabled
[2016.03.01-09.42.09:879][  0]SourceControl: Info Source control is disabled
[2016.03.01-09.42.09:961][  0]SourceControl: Info Source control is disabled
[2016.03.01-09.42.10:053][  0]SourceControl: Info Source control is disabled
[2016.03.01-09.42.12:617][  0]LogObj: 28633 objects as part of root set at end of initial load.
[2016.03.01-09.42.12:617][  0]LogUObjectAllocator: 6099744 out of 0 bytes used by permanent object pool.
[2016.03.01-09.42.13:806][  0]LogEngine: Initializing Engine...
[2016.03.01-09.42.13:831][  0]LogHMD: Can't find Oculus library dev build: is proper Runtime installed? Version: 0.8.0.0
[2016.03.01-09.42.13:931][  0]LogHMD: SteamVR failed to initialize.  Err: 110
[2016.03.01-09.42.15:947][  0]LogAIModule: Creating AISystem for world NewWorld
[2016.03.01-09.42.16:537][  0]LogInit: XAudio2 using 'Realtek HD Audio 2nd output (Realtek High Definition Audio)' : 2 channels at 48 kHz using 32 bits per sample (channel mask 0x3)
[2016.03.01-09.42.16:590][  0]LogInit: FAudioDevice initialized.
[2016.03.01-09.42.16:646][  0]LogDerivedDataCache: Saved boot cache 0.06s 41MB C:/Users/Игорь/AppData/Local/UnrealEngine/4.10/DerivedDataCache/Boot.ddc.
[2016.03.01-09.42.16:663][  0]LogInit: Texture streaming: Enabled
[2016.03.01-09.42.16:791][  0]LogAnalytics: Creating configured Analytics provider AnalyticsET
[2016.03.01-09.42.16:792][  0]LogAnalytics: [UEEditor.Rocket.Release] APIServer = http://et2.epicgames.com/ET2/. AppVersion = 4.10.4-2872498+++depot+UE4-Releases+4.10
[2016.03.01-09.42.16:792][  0]LogAnalytics: [UEEditor.Rocket.Release] SetUserId 619baabd4604f1d593d26e8e751894f6|075c1a30cb234253afcbb6ac30018a0b|32d9df30-af1d-4804-8f18-d55716e9c17f
[2016.03.01-09.42.16:823][  0]LogAnalytics: [UEEditor.Rocket.Release] AnalyticsET::StartSession
[2016.03.01-09.42.17:088][  0]LogInit: Transaction tracking system initialized
[2016.03.01-09.42.18:617][  0]BlueprintLog: New page: Editor Load
[2016.03.01-09.42.21:413][  0]LocalizationService: Info Localization service is disabled
[2016.03.01-09.42.22:406][  0]LogConsoleResponse:Display: 
[2016.03.01-09.42.24:750][  0]LogFileCache: Scanning file cache for directory 'D:/Inssiders/inssiders/Inssiders/Content/' took 0.02s
[2016.03.01-09.42.24:750][  0]LogCook:Display: Done creating registry. It took  0.00s.
[2016.03.01-09.42.26:051][  0]SourceControl: Info Source control is disabled
[2016.03.01-09.42.26:120][  0]Cmd: MAP LOAD FILE="../../../Engine/Content/Maps/Templates/Template_Default.umap" TEMPLATE=1 SHOWPROGRESS=1 FEATURELEVEL=3
[2016.03.01-09.42.26:188][  0]LightingResults: New page: Lighting Build
[2016.03.01-09.42.26:425][  0]MapCheck: New page: Map Check
[2016.03.01-09.42.26:425][  0]LightingResults: New page: Lighting Build
[2016.03.01-09.42.26:852][  0]LogParticles: Destroying 0 GPU particle simulations for FXSystem 0x000001FAB138F420
[2016.03.01-09.42.28:872][  0]LogAIModule: Creating AISystem for world Untitled_1
[2016.03.01-09.42.29:314][  0]LogEditorServer: Finished looking for orphan Actors (0.000 secs)
[2016.03.01-09.42.29:409][  0]Cmd: MAP CHECKDEP NOCLEARLOG
[2016.03.01-09.42.29:517][  0]MapCheck: Info Map check complete: 0 Error(s), 0 Warning(s), took 108.008ms to complete.
[2016.03.01-09.42.29:517][  0]LogFileHelpers: Loading map 'Template_Default' took 3.429
[2016.03.01-09.42.32:171][  0]LogCollectionManager: Loaded 0 collections in 0.009886 seconds
[2016.03.01-09.42.32:323][  0]LogFileCache: Scanning file cache for directory 'D:/Inssiders/inssiders/Inssiders/Saved/Collections/' took 0.01s
[2016.03.01-09.42.32:323][  0]LogFileCache: Scanning file cache for directory 'D:/Inssiders/inssiders/Inssiders/Content/Developers/Игорь/Collections/' took 0.00s
[2016.03.01-09.42.32:323][  0]LogFileCache: Scanning file cache for directory 'D:/Inssiders/inssiders/Inssiders/Content/Collections/' took 0.01s
[2016.03.01-09.42.32:323][  0]LogCollectionManager: Rebuilt the GUID cache for 0 collections in 0.000002 seconds
[2016.03.01-09.42.32:345][  0]LogContentBrowser: Native class hierarchy populated in 0.0200 seconds. Added 1894 classes and 340 folders.
[2016.03.01-09.42.32:435][  0]LogContentBrowser: Native class hierarchy updated for 'WidgetCarousel' in 0.0007 seconds. Added 0 classes and 0 folders.
[2016.03.01-09.42.34:165][  0]LogContentBrowser: Native class hierarchy updated for 'AddContentDialog' in 0.0008 seconds. Added 0 classes and 0 folders.
[2016.03.01-09.42.34:237][  0]LogCrashTracker: Crashtracker disabled due to settings.
[2016.03.01-09.42.34:402][  0]LogUObjectGlobals:Warning: Failed to find object 'Class None.'
[2016.03.01-09.42.34:488][  0]LogLoad: Full Startup: 77.14 seconds (BP compile: 0.52 seconds)
[2016.03.01-09.42.34:498][  0]LogWindowsTextInputMethodSystem:Display: IME system now deactivated.
[2016.03.01-09.42.34:498][  0]LogWindowsTextInputMethodSystem:Display: IME system now deactivated.
[2016.03.01-09.42.34:506][  0]LogOcInput: Can't find Oculus library dev build: is proper Runtime installed? Version: 0.8.0.0
[2016.03.01-09.42.34:973][  0]LogContentStreaming: Texture pool size now 1000 MB
[2016.03.01-09.42.35:635][  0]LogRenderer: Reallocating scene render targets to support 708x648 (Frame:2).
[2016.03.01-09.42.36:491][  7]LogAssetRegistry: Asset discovery search completed in 30.3188 seconds
[2016.03.01-09.42.36:502][  7]LogCollectionManager: Rebuilt the object cache for 0 collections in 0.000001 seconds (found 0 objects)
[2016.03.01-09.42.36:502][  7]LogCollectionManager: Fixed up redirectors for 0 collections in 0.000096 seconds (updated 0 objects)
[2016.03.01-09.43.35:599][871]LogEditorViewport: Clicking Background
[2016.03.01-09.43.48:211][311]LogEditorViewport: Clicking Background
[2016.03.01-09.43.49:094][342]LogEditorViewport: Clicking Background
[2016.03.01-09.43.55:292][549]LogEditorViewport: Clicking on Actor (LMB): BP_Sky_Sphere_C (Sky Sphere)
[2016.03.01-10.28.27:504][927]LogRenderer: Reallocating scene render targets to support 708x684 (Frame:15725).
[2016.03.01-10.31.22:364][511]LogPlayLevel: Launcher Device ID: HTML5@C:/Program Files (x86)/Mozilla Firefox/firefox.exe
[2016.03.01-10.31.22:376][511]LogPlayLevel: PlayLevel: No blueprints needed recompiling
[2016.03.01-10.32.14:400][511]CookResults:Warning: Warning Unable to find package for cooking /Temp/Untitled_1
[2016.03.01-10.32.14:400][511]LogCook:Warning: Unable to find package for cooking /Temp/Untitled_1
[2016.03.01-10.32.14:845][513]LogTexture:Display: Building textures: VirtualJoystick_Thumb (RGBA8)
[2016.03.01-10.32.15:136][513]LogStats:Warning: MetaData mismatch. Did you assign a stat to two groups? New //STATGROUP_Threads//FLauncherTask///Thread_18a4_0///####STATCAT_Advanced#### old //STATGROUP_Threads//FLauncherTask///Thread_2058_0///####STATCAT_Advanced####
[2016.03.01-10.32.15:136][513]LogCook:Display: Cooking /Engine/MobileResources/HUD/VirtualJoystick_Thumb -> D:/Inssiders/inssiders/Inssiders/Saved/Cooked/HTML5/Engine/Content/MobileResources/HUD/VirtualJoystick_Thumb.uasset
[2016.03.01-10.32.15:187][513]LogSavePackage: Save=41.975487ms
[2016.03.01-10.32.15:187][513]LogSavePackage: Async saving from memory to 'D:/Inssiders/inssiders/Inssiders/Saved/Cooked/HTML5/Engine/Content/MobileResources/HUD/VirtualJoystick_Thumb.uasset'
[2016.03.01-10.32.15:188][513]LogSavePackage: Total save time: 42.525198ms
[2016.03.01-10.32.15:188][513]LogSavePackage:Display: Finished SavePackage D:/Inssiders/inssiders/Inssiders/Saved/Cooked/HTML5/Engine/Content/MobileResources/HUD/VirtualJoystick_Thumb.uasset
[2016.03.01-10.32.15:266][514]LogTexture:Display: Building textures: T_Castle_ThumbstickOutter (RGBA8)
[2016.03.01-10.32.15:433][514]LogCook:Display: Cooking /Engine/MobileResources/HUD/T_Castle_ThumbstickOutter -> D:/Inssiders/inssiders/Inssiders/Saved/Cooked/HTML5/Engine/Content/MobileResources/HUD/T_Castle_ThumbstickOutter.uasset
[2016.03.01-10.32.15:434][514]LogSavePackage: Save=1.008685ms
[2016.03.01-10.32.15:434][514]LogSavePackage: Async saving from memory to 'D:/Inssiders/inssiders/Inssiders/Saved/Cooked/HTML5/Engine/Content/MobileResources/HUD/T_Castle_ThumbstickOutter.uasset'
[2016.03.01-10.32.15:434][514]LogSavePackage: Total save time: 1.323029ms
[2016.03.01-10.32.15:434][514]LogSavePackage:Display: Finished SavePackage D:/Inssiders/inssiders/Inssiders/Saved/Cooked/HTML5/Engine/Content/MobileResources/HUD/T_Castle_ThumbstickOutter.uasset
[2016.03.01-10.32.15:767][515]LogCook:Display: Cooking /Engine/MobileResources/HUD/MobileHUDDirectionStick -> D:/Inssiders/inssiders/Inssiders/Saved/Cooked/HTML5/Engine/Content/MobileResources/HUD/MobileHUDDirectionStick.uasset
[2016.03.01-10.32.15:768][515]LogSavePackage: Save=0.879541ms
[2016.03.01-10.32.15:768][515]LogSavePackage: Async saving from memory to 'D:/Inssiders/inssiders/Inssiders/Saved/Cooked/HTML5/Engine/Content/MobileResources/HUD/MobileHUDDirectionStick.uasset'
[2016.03.01-10.32.15:768][515]LogSavePackage: Total save time: 1.140308ms
[2016.03.01-10.32.15:768][515]LogSavePackage:Display: Finished SavePackage D:/Inssiders/inssiders/Inssiders/Saved/Cooked/HTML5/Engine/Content/MobileResources/HUD/MobileHUDDirectionStick.uasset
[2016.03.01-10.32.16:097][516]LogCook:Display: Cooking /Engine/MobileResources/HUD/MobileHUDDirectionPad2 -> D:/Inssiders/inssiders/Inssiders/Saved/Cooked/HTML5/Engine/Content/MobileResources/HUD/MobileHUDDirectionPad2.uasset
[2016.03.01-10.32.16:098][516]LogSavePackage: Save=1.299491ms
[2016.03.01-10.32.16:098][516]LogSavePackage: Async saving from memory to 'D:/Inssiders/inssiders/Inssiders/Saved/Cooked/HTML5/Engine/Content/MobileResources/HUD/MobileHUDDirectionPad2.uasset'
[2016.03.01-10.32.16:098][516]LogSavePackage: Total save time: 1.652237ms
[2016.03.01-10.32.16:098][516]LogSavePackage:Display: Finished SavePackage D:/Inssiders/inssiders/Inssiders/Saved/Cooked/HTML5/Engine/Content/MobileResources/HUD/MobileHUDDirectionPad2.uasset
[2016.03.01-10.32.16:138][517]LogCook:Display: Cooking /Engine/MobileResources/HUD/MobileHUDButtonFire -> D:/Inssiders/inssiders/Inssiders/Saved/Cooked/HTML5/Engine/Content/MobileResources/HUD/MobileHUDButtonFire.uasset
[2016.03.01-10.32.16:140][517]LogSavePackage: Save=1.096639ms
[2016.03.01-10.32.16:140][517]LogSavePackage: Async saving from memory to 'D:/Inssiders/inssiders/Inssiders/Saved/Cooked/HTML5/Engine/Content/MobileResources/HUD/MobileHUDButtonFire.uasset'
[2016.03.01-10.32.16:140][517]LogSavePackage: Total save time: 2.211861ms
[2016.03.01-10.32.16:140][517]LogSavePackage:Display: Finished SavePackage D:/Inssiders/inssiders/Inssiders/Saved/Cooked/HTML5/Engine/Content/MobileResources/HUD/MobileHUDButtonFire.uasset
[2016.03.01-10.32.16:179][518]LogCook:Display: Cooking /Engine/MobileResources/HUD/MobileHUDButton2_on -> D:/Inssiders/inssiders/Inssiders/Saved/Cooked/HTML5/Engine/Content/MobileResources/HUD/MobileHUDButton2_on.uasset
[2016.03.01-10.32.16:196][518]LogSavePackage: Save=1.109647ms
[2016.03.01-10.32.16:196][518]LogSavePackage: Async saving from memory to 'D:/Inssiders/inssiders/Inssiders/Saved/Cooked/HTML5/Engine/Content/MobileResources/HUD/MobileHUDButton2_on.uasset'
[2016.03.01-10.32.16:196][518]LogSavePackage: Total save time: 17.134953ms
[2016.03.01-10.32.16:196][518]LogSavePackage:Display: Finished SavePackage D:/Inssiders/inssiders/Inssiders/Saved/Cooked/HTML5/Engine/Content/MobileResources/HUD/MobileHUDButton2_on.uasset
[2016.03.01-10.32.16:235][519]LogCook:Display: Cooking /Engine/MobileResources/HUD/MobileHUDButton1_on -> D:/Inssiders/inssiders/Inssiders/Saved/Cooked/HTML5/Engine/Content/MobileResources/HUD/MobileHUDButton1_on.uasset
[2016.03.01-10.32.16:253][519]LogSavePackage: Save=1.290820ms
[2016.03.01-10.32.16:253][519]LogSavePackage: Async saving from memory to 'D:/Inssiders/inssiders/Inssiders/Saved/Cooked/HTML5/Engine/Content/MobileResources/HUD/MobileHUDButton1_on.uasset'
[2016.03.01-10.32.16:253][519]LogSavePackage: Total save time: 17.546851ms
[2016.03.01-10.32.16:253][519]LogSavePackage:Display: Finished SavePackage D:/Inssiders/inssiders/Inssiders/Saved/Cooked/HTML5/Engine/Content/MobileResources/HUD/MobileHUDButton1_on.uasset
[2016.03.01-10.32.16:291][519]LogCook:Display: Cooking /Engine/MobileResources/HUD/LeftVirtualJoystickOnly -> D:/Inssiders/inssiders/Inssiders/Saved/Cooked/HTML5/Engine/Content/MobileResources/HUD/LeftVirtualJoystickOnly.uasset
[2016.03.01-10.32.16:292][519]LogSavePackage: Save=0.761856ms
[2016.03.01-10.32.16:292][519]LogSavePackage: Async saving from memory to 'D:/Inssiders/inssiders/Inssiders/Saved/Cooked/HTML5/Engine/Content/MobileResources/HUD/LeftVirtualJoystickOnly.uasset'
[2016.03.01-10.32.16:293][519]LogSavePackage: Total save time: 1.266662ms
[2016.03.01-10.32.16:293][519]LogSavePackage:Display: Finished SavePackage D:/Inssiders/inssiders/Inssiders/Saved/Cooked/HTML5/Engine/Content/MobileResources/HUD/LeftVirtualJoystickOnly.uasset
[2016.03.01-10.32.16:306][519]LogCook:Display: Cooking /Engine/MobileResources/HUD/DefaultVirtualJoysticks -> D:/Inssiders/inssiders/Inssiders/Saved/Cooked/HTML5/Engine/Content/MobileResources/HUD/DefaultVirtualJoysticks.uasset
[2016.03.01-10.32.16:307][519]LogSavePackage: Save=0.727480ms
[2016.03.01-10.32.16:307][519]LogSavePackage: Async saving from memory to 'D:/Inssiders/inssiders/Inssiders/Saved/Cooked/HTML5/Engine/Content/MobileResources/HUD/DefaultVirtualJoysticks.uasset'
[2016.03.01-10.32.16:307][519]LogSavePackage: Total save time: 0.939932ms
[2016.03.01-10.32.16:307][519]LogSavePackage:Display: Finished SavePackage D:/Inssiders/inssiders/Inssiders/Saved/Cooked/HTML5/Engine/Content/MobileResources/HUD/DefaultVirtualJoysticks.uasset
[2016.03.01-10.32.16:339][520]LogCook:Display: Cooking /Engine/MobileResources/HUD/AnalogHat -> D:/Inssiders/inssiders/Inssiders/Saved/Cooked/HTML5/Engine/Content/MobileResources/HUD/AnalogHat.uasset
[2016.03.01-10.32.16:356][520]LogSavePackage: Save=0.988865ms
[2016.03.01-10.32.16:356][520]LogSavePackage: Async saving from memory to 'D:/Inssiders/inssiders/Inssiders/Saved/Cooked/HTML5/Engine/Content/MobileResources/HUD/AnalogHat.uasset'
[2016.03.01-10.32.16:356][520]LogSavePackage: Total save time: 16.760528ms
[2016.03.01-10.32.16:356][520]LogSavePackage:Display: Finished SavePackage D:/Inssiders/inssiders/Inssiders/Saved/Cooked/HTML5/Engine/Content/MobileResources/HUD/AnalogHat.uasset
[2016.03.01-10.32.16:398][521]LogCook:Display: Cooking /Engine/MobileResources/T_MobileControls_texture -> D:/Inssiders/inssiders/Inssiders/Saved/Cooked/HTML5/Engine/Content/MobileResources/T_MobileControls_texture.uasset
[2016.03.01-10.32.16:417][521]LogSavePackage: Save=1.446288ms
[2016.03.01-10.32.16:417][521]LogSavePackage: Async saving from memory to 'D:/Inssiders/inssiders/Inssiders/Saved/Cooked/HTML5/Engine/Content/MobileResources/T_MobileControls_texture.uasset'
[2016.03.01-10.32.16:417][521]LogSavePackage: Total save time: 19.442197ms
[2016.03.01-10.32.16:417][521]LogSavePackage:Display: Finished SavePackage D:/Inssiders/inssiders/Inssiders/Saved/Cooked/HTML5/Engine/Content/MobileResources/T_MobileControls_texture.uasset
[2016.03.01-10.32.16:451][522]LogTexture:Display: Building textures: VirtualJoystick_Background (RGBA8)
[2016.03.01-10.32.16:470][523]LogCook:Display: Cooking /Engine/MobileResources/HUD/VirtualJoystick_Background -> D:/Inssiders/inssiders/Inssiders/Saved/Cooked/HTML5/Engine/Content/MobileResources/HUD/VirtualJoystick_Background.uasset
[2016.03.01-10.32.16:510][523]LogSavePackage: Save=1.352759ms
[2016.03.01-10.32.16:510][523]LogSavePackage: Async saving from memory to 'D:/Inssiders/inssiders/Inssiders/Saved/Cooked/HTML5/Engine/Content/MobileResources/HUD/VirtualJoystick_Background.uasset'
[2016.03.01-10.32.16:510][523]LogSavePackage: Total save time: 39.501313ms
[2016.03.01-10.32.16:510][523]LogSavePackage:Display: Finished SavePackage D:/Inssiders/inssiders/Inssiders/Saved/Cooked/HTML5/Engine/Content/MobileResources/HUD/VirtualJoystick_Background.uasset
[2016.03.01-10.32.16:519][523]LogMaterial: Missing cached shader map for material Widget3DPassThrough, compiling. 
[2016.03.01-10.32.17:896][562]LogCook:Display: Cooking /Engine/EngineMaterials/Widget3DPassThrough -> D:/Inssiders/inssiders/Inssiders/Saved/Cooked/HTML5/Engine/Content/EngineMaterials/Widget3DPassThrough.uasset
[2016.03.01-10.32.17:947][562]LogSavePackage: Save=19.693672ms
[2016.03.01-10.32.17:947][562]LogSavePackage: Async saving from memory to 'D:/Inssiders/inssiders/Inssiders/Saved/Cooked/HTML5/Engine/Content/EngineMaterials/Widget3DPassThrough.uasset'
[2016.03.01-10.32.17:947][562]LogSavePackage: Total save time: 51.160499ms
[2016.03.01-10.32.17:947][562]LogSavePackage:Display: Finished SavePackage D:/Inssiders/inssiders/Inssiders/Saved/Cooked/HTML5/Engine/Content/EngineMaterials/Widget3DPassThrough.uasset
[2016.03.01-10.32.17:977][562]LogMaterial: Missing cached shader map for material LandscapeGizmo_Mat, compiling. 
[2016.03.01-10.32.19:628][611]LogCook:Display: Cooking /Engine/EditorLandscapeResources/LandscapeGizmo_Mat_Copied -> D:/Inssiders/inssiders/Inssiders/Saved/Cooked/HTML5/Engine/Content/EditorLandscapeResources/LandscapeGizmo_Mat_Copied.uasset
[2016.03.01-10.32.19:663][611]LogSavePackage: Save=1.729971ms
[2016.03.01-10.32.19:663][611]LogSavePackage: Async saving from memory to 'D:/Inssiders/inssiders/Inssiders/Saved/Cooked/HTML5/Engine/Content/EditorLandscapeResources/LandscapeGizmo_Mat_Copied.uasset'
[2016.03.01-10.32.19:663][611]LogSavePackage: Total save time: 35.139222ms
[2016.03.01-10.32.19:663][611]LogSavePackage:Display: Finished SavePackage D:/Inssiders/inssiders/Inssiders/Saved/Cooked/HTML5/Engine/Content/EditorLandscapeResources/LandscapeGizmo_Mat_Copied.uasset
[2016.03.01-10.32.19:696][613]LogCook:Display: Cooking /Engine/EditorMaterials/MAT_Groups_Toggle -> D:/Inssiders/inssiders/Inssiders/Saved/Cooked/HTML5/Engine/Content/EditorMaterials/MAT_Groups_Toggle.uasset
[2016.03.01-10.32.19:730][613]LogSavePackage: Save=1.000014ms
[2016.03.01-10.32.19:730][613]LogSavePackage: Async saving from memory to 'D:/Inssiders/inssiders/Inssiders/Saved/Cooked/HTML5/Engine/Content/EditorMaterials/MAT_Groups_Toggle.uasset'
[2016.03.01-10.32.19:730][613]LogSavePackage: Total save time: 34.133941ms
[2016.03.01-10.32.19:730][613]LogSavePackage:Display: Finished SavePackage D:/Inssiders/inssiders/Inssiders/Saved/Cooked/HTML5/Engine/Content/EditorMaterials/MAT_Groups_Toggle.uasset
[2016.03.01-10.32.19:765][615]LogCook:Display: Cooking /Engine/EditorMaterials/MatineeGroups/MAT_Groups_Vector -> D:/Inssiders/inssiders/Inssiders/Saved/Cooked/HTML5/Engine/Content/EditorMaterials/MatineeGroups/MAT_Groups_Vector.uasset
[2016.03.01-10.32.19:798][615]LogSavePackage: Save=1.063811ms
[2016.03.01-10.32.19:798][615]LogSavePackage: Async saving from memory to 'D:/Inssiders/inssiders/Inssiders/Saved/Cooked/HTML5/Engine/Content/EditorMaterials/MatineeGroups/MAT_Groups_Vector.uasset'
[2016.03.01-10.32.19:798][615]LogSavePackage: Total save time: 33.445489ms
[2016.03.01-10.32.19:798][615]LogSavePackage:Display: Finished SavePackage D:/Inssiders/inssiders/Inssiders/Saved/Cooked/HTML5/Engine/Content/EditorMaterials/MatineeGroups/MAT_Groups_Vector.uasset
[2016.03.01-10.32.19:799][615]LogCook:Display: Cooking /Engine/EngineSounds/Master -> D:/Inssiders/inssiders/Inssiders/Saved/Cooked/HTML5/Engine/Content/EngineSounds/Master.uasset
[2016.03.01-10.32.19:799][615]LogSavePackage: Save=0.578515ms
[2016.03.01-10.32.19:799][615]LogSavePackage: Async saving from memory to 'D:/Inssiders/inssiders/Inssiders/Saved/Cooked/HTML5/Engine/Content/EngineSounds/Master.uasset'
[2016.03.01-10.32.19:799][615]LogSavePackage: Total save time: 0.810787ms
[2016.03.01-10.32.19:799][615]LogSavePackage:Display: Finished SavePackage D:/Inssiders/inssiders/Inssiders/Saved/Cooked/HTML5/Engine/Content/EngineSounds/Master.uasset
[2016.03.01-10.32.19:800][615]LogCook:Display: Cooking /Engine/EngineSounds/Music -> D:/Inssiders/inssiders/Inssiders/Saved/Cooked/HTML5/Engine/Content/EngineSounds/Music.uasset
[2016.03.01-10.32.19:800][615]LogSavePackage: Save=0.649746ms
[2016.03.01-10.32.19:800][615]LogSavePackage: Async saving from memory to 'D:/Inssiders/inssiders/Inssiders/Saved/Cooked/HTML5/Engine/Content/EngineSounds/Music.uasset'
[2016.03.01-10.32.19:801][615]LogSavePackage: Total save time: 0.868391ms
[2016.03.01-10.32.19:801][615]LogSavePackage:Display: Finished SavePackage D:/Inssiders/inssiders/Inssiders/Saved/Cooked/HTML5/Engine/Content/EngineSounds/Music.uasset
[2016.03.01-10.32.19:801][615]LogCook:Display: Cooking /Engine/EngineSounds/SFX -> D:/Inssiders/inssiders/Inssiders/Saved/Cooked/HTML5/Engine/Content/EngineSounds/SFX.uasset
[2016.03.01-10.32.19:802][615]LogSavePackage: Save=0.720666ms
[2016.03.01-10.32.19:802][615]LogSavePackage: Async saving from memory to 'D:/Inssiders/inssiders/Inssiders/Saved/Cooked/HTML5/Engine/Content/EngineSounds/SFX.uasset'
[2016.03.01-10.32.19:802][615]LogSavePackage: Total save time: 0.926308ms
[2016.03.01-10.32.19:802][615]LogSavePackage:Display: Finished SavePackage D:/Inssiders/inssiders/Inssiders/Saved/Cooked/HTML5/Engine/Content/EngineSounds/SFX.uasset
[2016.03.01-10.32.19:802][615]LogCook:Display: Cooking /Engine/EngineSounds/Normal_Attack -> D:/Inssiders/inssiders/Inssiders/Saved/Cooked/HTML5/Engine/Content/EngineSounds/Normal_Attack.uasset
[2016.03.01-10.32.19:803][615]LogSavePackage: Save=0.725002ms
[2016.03.01-10.32.19:803][615]LogSavePackage: Async saving from memory to 'D:/Inssiders/inssiders/Inssiders/Saved/Cooked/HTML5/Engine/Content/EngineSounds/Normal_Attack.uasset'
[2016.03.01-10.32.19:803][615]LogSavePackage: Total save time: 1.048326ms
[2016.03.01-10.32.19:803][615]LogSavePackage:Display: Finished SavePackage D:/Inssiders/inssiders/Inssiders/Saved/Cooked/HTML5/Engine/Content/EngineSounds/Normal_Attack.uasset
[2016.03.01-10.32.19:803][615]LogCook:Display: Cooking /Engine/EngineSounds/Special_Attack_PSM -> D:/Inssiders/inssiders/Inssiders/Saved/Cooked/HTML5/Engine/Content/EngineSounds/Special_Attack_PSM.uasset
[2016.03.01-10.32.19:804][615]LogSavePackage: Save=0.683812ms
[2016.03.01-10.32.19:804][615]LogSavePackage: Async saving from memory to 'D:/Inssiders/inssiders/Inssiders/Saved/Cooked/HTML5/Engine/Content/EngineSounds/Special_Attack_PSM.uasset'
[2016.03.01-10.32.19:804][615]LogSavePackage: Total save time: 0.923209ms
[2016.03.01-10.32.19:804][615]LogSavePackage:Display: Finished SavePackage D:/Inssiders/inssiders/Inssiders/Saved/Cooked/HTML5/Engine/Content/EngineSounds/Special_Attack_PSM.uasset
[2016.03.01-10.32.19:805][615]LogCook:Display: Cooking /Engine/EngineSounds/Duck_Normal_Attack_MixMod -> D:/Inssiders/inssiders/Inssiders/Saved/Cooked/HTML5/Engine/Content/EngineSounds/Duck_Normal_Attack_MixMod.uasset
[2016.03.01-10.32.19:805][615]LogSavePackage: Save=0.691555ms
[2016.03.01-10.32.19:805][615]LogSavePackage: Async saving from memory to 'D:/Inssiders/inssiders/Inssiders/Saved/Cooked/HTML5/Engine/Content/EngineSounds/Duck_Normal_Attack_MixMod.uasset'
[2016.03.01-10.32.19:806][615]LogSavePackage: Total save time: 0.922900ms
[2016.03.01-10.32.19:806][615]LogSavePackage:Display: Finished SavePackage D:/Inssiders/inssiders/Inssiders/Saved/Cooked/HTML5/Engine/Content/EngineSounds/Duck_Normal_Attack_MixMod.uasset
[2016.03.01-10.32.19:806][615]LogCook:Display: Cooking /Engine/EngineSounds/Voice -> D:/Inssiders/inssiders/Inssiders/Saved/Cooked/HTML5/Engine/Content/EngineSounds/Voice.uasset
[2016.03.01-10.32.19:807][615]LogSavePackage: Save=0.762166ms
[2016.03.01-10.32.19:807][615]LogSavePackage: Async saving from memory to 'D:/Inssiders/inssiders/Inssiders/Saved/Cooked/HTML5/Engine/Content/EngineSounds/Voice.uasset'
[2016.03.01-10.32.19:807][615]LogSavePackage: Total save time: 1.003113ms
[2016.03.01-10.32.19:807][615]LogSavePackage:Display: Finished SavePackage D:/Inssiders/inssiders/Inssiders/Saved/Cooked/HTML5/Engine/Content/EngineSounds/Voice.uasset
[2016.03.01-10.32.19:807][615]LogCook:Display: Cooking /Engine/EngineMeshes/Cylinder -> D:/Inssiders/inssiders/Inssiders/Saved/Cooked/HTML5/Engine/Content/EngineMeshes/Cylinder.uasset
[2016.03.01-10.32.19:810][615]LogSavePackage: Save=2.394892ms
[2016.03.01-10.32.19:810][615]LogSavePackage: Async saving from memory to 'D:/Inssiders/inssiders/Inssiders/Saved/Cooked/HTML5/Engine/Content/EngineMeshes/Cylinder.uasset'
[2016.03.01-10.32.19:810][615]LogSavePackage: Total save time: 2.610441ms
[2016.03.01-10.32.19:810][615]LogSavePackage:Display: Finished SavePackage D:/Inssiders/inssiders/Inssiders/Saved/Cooked/HTML5/Engine/Content/EngineMeshes/Cylinder.uasset
[2016.03.01-10.32.19:814][615]LogMaterial: Missing cached shader map for material DefaultMaterial, compiling. 
[2016.03.01-10.32.41:823][285]LogPlayLevel: Completed Launch On Stage: Cooking in the editor, Time: 26.369822
[2016.03.01-10.33.00:140][857]LogPlayLevel: Launcher Device ID: HTML5@C:/Program Files (x86)/Mozilla Firefox/firefox.exe
[2016.03.01-10.33.00:168][857]LogPlayLevel: PlayLevel: No blueprints needed recompiling
[2016.03.01-10.33.05:964][857]CookResults:Warning: Warning Unable to find package for cooking /Temp/Untitled_1
[2016.03.01-10.33.05:964][857]LogCook:Warning: Unable to find package for cooking /Temp/Untitled_1
[2016.03.01-10.33.06:059][859]LogStats:Warning: MetaData mismatch. Did you assign a stat to two groups? New //STATGROUP_Threads//FLauncherTask///Thread_361c_0///####STATCAT_Advanced#### old //STATGROUP_Threads//FLauncherTask///Thread_2058_0///####STATCAT_Advanced####
[2016.03.01-10.33.06:059][859]LogStats:Warning: MetaData mismatch. Did you assign a stat to two groups? New //STATGROUP_Threads//LauncherWorker///Thread_33f4_0///####STATCAT_Advanced#### old //STATGROUP_Threads//LauncherWorker///Thread_1d44_0///####STATCAT_Advanced####
[2016.03.01-10.33.06:065][859]LogCook:Display: Cooking /Engine/MobileResources/HUD/VirtualJoystick_Thumb -> D:/Inssiders/inssiders/Inssiders/Saved/Cooked/HTML5/Engine/Content/MobileResources/HUD/VirtualJoystick_Thumb.uasset
[2016.03.01-10.33.06:092][859]LogSavePackage: Save=3.941522ms
[2016.03.01-10.33.06:092][859]LogSavePackage: Async saving from memory to 'D:/Inssiders/inssiders/Inssiders/Saved/Cooked/HTML5/Engine/Content/MobileResources/HUD/VirtualJoystick_Thumb.uasset'
[2016.03.01-10.33.06:093][859]LogSavePackage: Total save time: 28.350960ms
[2016.03.01-10.33.06:093][859]LogSavePackage:Display: Finished SavePackage D:/Inssiders/inssiders/Inssiders/Saved/Cooked/HTML5/Engine/Content/MobileResources/HUD/VirtualJoystick_Thumb.uasset
[2016.03.01-10.33.06:118][860]LogCook:Display: Cooking /Engine/MobileResources/HUD/T_Castle_ThumbstickOutter -> D:/Inssiders/inssiders/Inssiders/Saved/Cooked/HTML5/Engine/Content/MobileResources/HUD/T_Castle_ThumbstickOutter.uasset
[2016.03.01-10.33.06:133][860]LogSavePackage: Save=3.513520ms
[2016.03.01-10.33.06:133][860]LogSavePackage: Async saving from memory to 'D:/Inssiders/inssiders/Inssiders/Saved/Cooked/HTML5/Engine/Content/MobileResources/HUD/T_Castle_ThumbstickOutter.uasset'
[2016.03.01-10.33.06:134][860]LogSavePackage: Total save time: 15.484881ms
[2016.03.01-10.33.06:134][860]LogSavePackage:Display: Finished SavePackage D:/Inssiders/inssiders/Inssiders/Saved/Cooked/HTML5/Engine/Content/MobileResources/HUD/T_Castle_ThumbstickOutter.uasset
[2016.03.01-10.33.06:156][861]LogCook:Display: Cooking /Engine/MobileResources/HUD/MobileHUDDirectionStick -> D:/Inssiders/inssiders/Inssiders/Saved/Cooked/HTML5/Engine/Content/MobileResources/HUD/MobileHUDDirectionStick.uasset
[2016.03.01-10.33.06:172][861]LogSavePackage: Save=3.667439ms
[2016.03.01-10.33.06:173][861]LogSavePackage: Async saving from memory to 'D:/Inssiders/inssiders/Inssiders/Saved/Cooked/HTML5/Engine/Content/MobileResources/HUD/MobileHUDDirectionStick.uasset'
[2016.03.01-10.33.06:173][861]LogSavePackage: Total save time: 17.113581ms
[2016.03.01-10.33.06:173][861]LogSavePackage:Display: Finished SavePackage D:/Inssiders/inssiders/Inssiders/Saved/Cooked/HTML5/Engine/Content/MobileResources/HUD/MobileHUDDirectionStick.uasset
[2016.03.01-10.33.06:194][862]LogCook:Display: Cooking /Engine/MobileResources/HUD/MobileHUDDirectionPad2 -> D:/Inssiders/inssiders/Inssiders/Saved/Cooked/HTML5/Engine/Content/MobileResources/HUD/MobileHUDDirectionPad2.uasset
[2016.03.01-10.33.06:212][862]LogSavePackage: Save=3.670846ms
[2016.03.01-10.33.06:212][862]LogSavePackage: Async saving from memory to 'D:/Inssiders/inssiders/Inssiders/Saved/Cooked/HTML5/Engine/Content/MobileResources/HUD/MobileHUDDirectionPad2.uasset'
[2016.03.01-10.33.06:213][862]LogSavePackage: Total save time: 18.467266ms
[2016.03.01-10.33.06:213][862]LogSavePackage:Display: Finished SavePackage D:/Inssiders/inssiders/Inssiders/Saved/Cooked/HTML5/Engine/Content/MobileResources/HUD/MobileHUDDirectionPad2.uasset
[2016.03.01-10.33.06:235][863]LogCook:Display: Cooking /Engine/MobileResources/HUD/MobileHUDButtonFire -> D:/Inssiders/inssiders/Inssiders/Saved/Cooked/HTML5/Engine/Content/MobileResources/HUD/MobileHUDButtonFire.uasset
[2016.03.01-10.33.06:254][863]LogSavePackage: Save=3.456535ms
[2016.03.01-10.33.06:255][863]LogSavePackage: Async saving from memory to 'D:/Inssiders/inssiders/Inssiders/Saved/Cooked/HTML5/Engine/Content/MobileResources/HUD/MobileHUDButtonFire.uasset'
[2016.03.01-10.33.06:255][863]LogSavePackage: Total save time: 20.439114ms
[2016.03.01-10.33.06:255][863]LogSavePackage:Display: Finished SavePackage D:/Inssiders/inssiders/Inssiders/Saved/Cooked/HTML5/Engine/Content/MobileResources/HUD/MobileHUDButtonFire.uasset
[2016.03.01-10.33.06:276][864]LogCook:Display: Cooking /Engine/MobileResources/HUD/MobileHUDButton2_on -> D:/Inssiders/inssiders/Inssiders/Saved/Cooked/HTML5/Engine/Content/MobileResources/HUD/MobileHUDButton2_on.uasset
[2016.03.01-10.33.06:289][864]LogSavePackage: Save=3.534579ms
[2016.03.01-10.33.06:289][864]LogSavePackage: Async saving from memory to 'D:/Inssiders/inssiders/Inssiders/Saved/Cooked/HTML5/Engine/Content/MobileResources/HUD/MobileHUDButton2_on.uasset'
[2016.03.01-10.33.06:290][864]LogSavePackage: Total save time: 13.751812ms
[2016.03.01-10.33.06:290][864]LogSavePackage:Display: Finished SavePackage D:/Inssiders/inssiders/Inssiders/Saved/Cooked/HTML5/Engine/Content/MobileResources/HUD/MobileHUDButton2_on.uasset
[2016.03.01-10.33.06:313][865]LogCook:Display: Cooking /Engine/MobileResources/HUD/MobileHUDButton1_on -> D:/Inssiders/inssiders/Inssiders/Saved/Cooked/HTML5/Engine/Content/MobileResources/HUD/MobileHUDButton1_on.uasset
[2016.03.01-10.33.06:332][865]LogSavePackage: Save=3.776453ms
[2016.03.01-10.33.06:332][865]LogSavePackage: Async saving from memory to 'D:/Inssiders/inssiders/Inssiders/Saved/Cooked/HTML5/Engine/Content/MobileResources/HUD/MobileHUDButton1_on.uasset'
[2016.03.01-10.33.06:333][865]LogSavePackage: Total save time: 19.359507ms
[2016.03.01-10.33.06:333][865]LogSavePackage:Display: Finished SavePackage D:/Inssiders/inssiders/Inssiders/Saved/Cooked/HTML5/Engine/Content/MobileResources/HUD/MobileHUDButton1_on.uasset
[2016.03.01-10.33.06:334][865]LogCook:Display: Cooking /Engine/MobileResources/HUD/LeftVirtualJoystickOnly -> D:/Inssiders/inssiders/Inssiders/Saved/Cooked/HTML5/Engine/Content/MobileResources/HUD/LeftVirtualJoystickOnly.uasset
[2016.03.01-10.33.06:337][865]LogSavePackage: Save=2.662780ms
[2016.03.01-10.33.06:337][865]LogSavePackage: Async saving from memory to 'D:/Inssiders/inssiders/Inssiders/Saved/Cooked/HTML5/Engine/Content/MobileResources/HUD/LeftVirtualJoystickOnly.uasset'
[2016.03.01-10.33.06:337][865]LogSavePackage: Total save time: 3.421847ms
[2016.03.01-10.33.06:337][865]LogSavePackage:Display: Finished SavePackage D:/Inssiders/inssiders/Inssiders/Saved/Cooked/HTML5/Engine/Content/MobileResources/HUD/LeftVirtualJoystickOnly.uasset
[2016.03.01-10.33.06:338][865]LogCook:Display: Cooking /Engine/MobileResources/HUD/DefaultVirtualJoysticks -> D:/Inssiders/inssiders/Inssiders/Saved/Cooked/HTML5/Engine/Content/MobileResources/HUD/DefaultVirtualJoysticks.uasset
[2016.03.01-10.33.06:341][865]LogSavePackage: Save=2.901867ms
[2016.03.01-10.33.06:342][865]LogSavePackage: Async saving from memory to 'D:/Inssiders/inssiders/Inssiders/Saved/Cooked/HTML5/Engine/Content/MobileResources/HUD/DefaultVirtualJoysticks.uasset'
[2016.03.01-10.33.06:342][865]LogSavePackage: Total save time: 4.048366ms
[2016.03.01-10.33.06:342][865]LogSavePackage:Display: Finished SavePackage D:/Inssiders/inssiders/Inssiders/Saved/Cooked/HTML5/Engine/Content/MobileResources/HUD/DefaultVirtualJoysticks.uasset
[2016.03.01-10.33.06:365][866]LogCook:Display: Cooking /Engine/MobileResources/HUD/AnalogHat -> D:/Inssiders/inssiders/Inssiders/Saved/Cooked/HTML5/Engine/Content/MobileResources/HUD/AnalogHat.uasset
[2016.03.01-10.33.06:377][866]LogSavePackage: Save=3.659697ms
[2016.03.01-10.33.06:377][866]LogSavePackage: Async saving from memory to 'D:/Inssiders/inssiders/Inssiders/Saved/Cooked/HTML5/Engine/Content/MobileResources/HUD/AnalogHat.uasset'
[2016.03.01-10.33.06:377][866]LogSavePackage: Total save time: 12.765117ms
[2016.03.01-10.33.06:378][866]LogSavePackage:Display: Finished SavePackage D:/Inssiders/inssiders/Inssiders/Saved/Cooked/HTML5/Engine/Content/MobileResources/HUD/AnalogHat.uasset
[2016.03.01-10.33.06:399][867]LogCook:Display: Cooking /Engine/MobileResources/T_MobileControls_texture -> D:/Inssiders/inssiders/Inssiders/Saved/Cooked/HTML5/Engine/Content/MobileResources/T_MobileControls_texture.uasset
[2016.03.01-10.33.06:422][867]LogSavePackage: Save=4.040935ms
[2016.03.01-10.33.06:422][867]LogSavePackage: Async saving from memory to 'D:/Inssiders/inssiders/Inssiders/Saved/Cooked/HTML5/Engine/Content/MobileResources/T_MobileControls_texture.uasset'
[2016.03.01-10.33.06:423][867]LogSavePackage: Total save time: 23.468886ms
[2016.03.01-10.33.06:423][867]LogSavePackage:Display: Finished SavePackage D:/Inssiders/inssiders/Inssiders/Saved/Cooked/HTML5/Engine/Content/MobileResources/T_MobileControls_texture.uasset
[2016.03.01-10.33.06:424][867]LogCook:Display: Cooking /Engine/EngineFonts/Roboto -> D:/Inssiders/inssiders/Inssiders/Saved/Cooked/HTML5/Engine/Content/EngineFonts/Roboto.uasset
[2016.03.01-10.33.06:651][867]LogSavePackage: Save=227.199753ms
[2016.03.01-10.33.06:651][867]LogSavePackage: Async saving from memory to 'D:/Inssiders/inssiders/Inssiders/Saved/Cooked/HTML5/Engine/Content/EngineFonts/Roboto.uasset'
[2016.03.01-10.33.06:652][867]LogSavePackage: Total save time: 228.537954ms
[2016.03.01-10.33.06:652][867]LogSavePackage:Display: Finished SavePackage D:/Inssiders/inssiders/Inssiders/Saved/Cooked/HTML5/Engine/Content/EngineFonts/Roboto.uasset
[2016.03.01-10.33.06:672][868]LogStats:Warning: MetaData mismatch. Did you assign a stat to two groups? New //STATGROUP_Threads//FLauncherTask///Thread_3428_0///####STATCAT_Advanced#### old //STATGROUP_Threads//FLauncherTask///Thread_2058_0///####STATCAT_Advanced####
[2016.03.01-10.33.06:672][868]LogCook:Display: Cooking /Engine/EngineMaterials/Widget3DPassThrough_Translucent -> D:/Inssiders/inssiders/Inssiders/Saved/Cooked/HTML5/Engine/Content/EngineMaterials/Widget3DPassThrough_Translucent.uasset
[2016.03.01-10.33.06:682][868]LogSavePackage: Save=4.781112ms
[2016.03.01-10.33.06:683][868]LogSavePackage: Async saving from memory to 'D:/Inssiders/inssiders/Inssiders/Saved/Cooked/HTML5/Engine/Content/EngineMaterials/Widget3DPassThrough_Translucent.uasset'
[2016.03.01-10.33.06:683][868]LogSavePackage: Total save time: 10.865431ms
[2016.03.01-10.33.06:683][868]LogSavePackage:Display: Finished SavePackage D:/Inssiders/inssiders/Inssiders/Saved/Cooked/HTML5/Engine/Content/EngineMaterials/Widget3DPassThrough_Translucent.uasset
[2016.03.01-10.33.06:684][868]LogCook:Display: Cooking /Engine/Functions/Engine_MaterialFunctions02/Texturing/ScreenAlignedUVs -> D:/Inssiders/inssiders/Inssiders/Saved/Cooked/HTML5/Engine/Content/Functions/Engine_MaterialFunctions02/Texturing/ScreenAlignedUVs.uasset
[2016.03.01-10.33.06:696][868]LogSavePackage: Save=11.338650ms
[2016.03.01-10.33.06:696][868]LogSavePackage: Async saving from memory to 'D:/Inssiders/inssiders/Inssiders/Saved/Cooked/HTML5/Engine/Content/Functions/Engine_MaterialFunctions02/Texturing/ScreenAlignedUVs.uasset'
[2016.03.01-10.33.06:696][868]LogSavePackage: Total save time: 12.223765ms
[2016.03.01-10